<?xml version="1.0" encoding="UTF-8"?>
<!-- Generated by org.testng.reporters.JUnitReportReporter -->
<testsuite hostname="bcedbeeced305413258cefcbeadabbbbafeone-0" failures="0" tests="1" name="runner.Testcase2" time="15.637" errors="0" timestamp="2023-09-25T14:16:53 UTC" skipped="0">
  <testcase classname="runner.Testcase2" name="TC_002" time="15.637"/>
</testsuite> <!-- runner.Testcase2 -->
