<?xml version="1.0" encoding="UTF-8"?>
<!-- Generated by org.testng.reporters.JUnitReportReporter -->
<testsuite hostname="bcedbeeced305413258cefcbeadabbbbafeone-0" failures="0" tests="1" name="runner.Testcase3" time="13.192" errors="0" timestamp="2023-09-25T14:15:15 UTC" skipped="0">
  <testcase classname="runner.Testcase3" name="TC_003" time="13.192"/>
</testsuite> <!-- runner.Testcase3 -->
